#
# There is insufficient memory for the Java Runtime Environment to continue.
# Native memory allocation (malloc) failed to allocate 65552 bytes for Chunk::new
# Possible reasons:
#   The system is out of physical RAM or swap space
#   In 32 bit mode, the process size limit was hit
# Possible solutions:
#   Reduce memory load on the system
#   Increase physical memory or swap space
#   Check if swap backing store is full
#   Use 64 bit Java on a 64 bit OS
#   Decrease Java heap size (-Xmx/-Xms)
#   Decrease number of Java threads
#   Decrease Java thread stack sizes (-Xss)
#   Set larger code cache with -XX:ReservedCodeCacheSize=
# This output file may be truncated or incomplete.
#
#  Out of Memory Error (allocation.cpp:390), pid=10736, tid=10220
#
# JRE version: Java(TM) SE Runtime Environment (8.0_65-b17) (build 1.8.0_65-b17)
# Java VM: Java HotSpot(TM) 64-Bit Server VM (25.65-b01 mixed mode windows-amd64 compressed oops)
# Failed to write core dump. Minidumps are not enabled by default on client versions of Windows
#

---------------  T H R E A D  ---------------

Current thread (0x0000000015869800):  JavaThread "C2 CompilerThread0" daemon [_thread_in_native, id=10220, stack(0x0000000016ef0000,0x0000000016ff0000)]

Stack: [0x0000000016ef0000,0x0000000016ff0000]
[error occurred during error reporting (printing stack bounds), id 0xc0000005]

Native frames: (J=compiled Java code, j=interpreted, Vv=VM code, C=native code)


Current CompileTask:
C2:   3760 1193       4       com.android.dx.ssa.LocalVariableExtractor::processBlock (383 bytes)


---------------  P R O C E S S  ---------------

Java Threads: ( => current thread )
  0x000000001744c800 JavaThread "pool-2-thread-4" [_thread_blocked, id=396, stack(0x0000000017bf0000,0x0000000017cf0000)]
  0x000000001744b000 JavaThread "pool-2-thread-3" [_thread_in_Java, id=10272, stack(0x0000000017af0000,0x0000000017bf0000)]
  0x0000000017396000 JavaThread "pool-2-thread-2" [_thread_in_Java, id=11720, stack(0x00000000179f0000,0x0000000017af0000)]
  0x0000000017384000 JavaThread "pool-3-thread-1" [_thread_blocked, id=10976, stack(0x00000000178f0000,0x00000000179f0000)]
  0x0000000017383000 JavaThread "pool-2-thread-1" [_thread_in_Java, id=9648, stack(0x00000000177f0000,0x00000000178f0000)]
  0x00000000171f9800 JavaThread "Service Thread" daemon [_thread_blocked, id=8952, stack(0x00000000175f0000,0x00000000176f0000)]
  0x00000000158cc800 JavaThread "C1 CompilerThread2" daemon [_thread_blocked, id=7004, stack(0x00000000170f0000,0x00000000171f0000)]
  0x0000000015879000 JavaThread "C2 CompilerThread1" daemon [_thread_in_native, id=3852, stack(0x0000000016ff0000,0x00000000170f0000)]
=>0x0000000015869800 JavaThread "C2 CompilerThread0" daemon [_thread_in_native, id=10220, stack(0x0000000016ef0000,0x0000000016ff0000)]
  0x0000000015867800 JavaThread "Attach Listener" daemon [_thread_blocked, id=8244, stack(0x0000000016df0000,0x0000000016ef0000)]
  0x0000000015866000 JavaThread "Signal Dispatcher" daemon [_thread_blocked, id=11924, stack(0x0000000016cf0000,0x0000000016df0000)]
  0x0000000003190000 JavaThread "Finalizer" daemon [_thread_blocked, id=5452, stack(0x0000000016ae0000,0x0000000016be0000)]
  0x000000000318d000 JavaThread "Reference Handler" daemon [_thread_blocked, id=7924, stack(0x00000000169e0000,0x0000000016ae0000)]
  0x00000000030a0800 JavaThread "main" [_thread_blocked, id=5556, stack(0x0000000002e60000,0x0000000002f60000)]

Other Threads:
  0x0000000015838000 VMThread [stack: 0x00000000168e0000,0x00000000169e0000] [id=9876]
  0x00000000171fc800 WatcherThread [stack: 0x00000000176f0000,0x00000000177f0000] [id=5608]

VM state:not at safepoint (normal execution)

VM Mutex/Monitor currently owned by a thread: None

Heap:
 PSYoungGen      total 38400K, used 35760K [0x00000000eab00000, 0x00000000ed580000, 0x0000000100000000)
  eden space 33280K, 92% used [0x00000000eab00000,0x00000000ec8ef488,0x00000000ecb80000)
  from space 5120K, 99% used [0x00000000ecb80000,0x00000000ed07cc50,0x00000000ed080000)
  to   space 5120K, 0% used [0x00000000ed080000,0x00000000ed080000,0x00000000ed580000)
 ParOldGen       total 87552K, used 4034K [0x00000000c0000000, 0x00000000c5580000, 0x00000000eab00000)
  object space 87552K, 4% used [0x00000000c0000000,0x00000000c03f08f0,0x00000000c5580000)
 Metaspace       used 5725K, capacity 6832K, committed 7040K, reserved 1056768K
  class space    used 580K, capacity 616K, committed 640K, reserved 1048576K

Card table byte_map: [0x0000000012560000,0x0000000012770000] byte_map_base: 0x0000000011f60000

Marking Bits: (ParMarkBitMap*) 0x00000000552ea5b0
 Begin Bits: [0x0000000012cd0000, 0x0000000013cd0000)
 End Bits:   [0x0000000013cd0000, 0x0000000014cd0000)

Polling page: 0x0000000001640000

CodeCache: size=245760Kb used=4848Kb max_used=4852Kb free=240911Kb
 bounds [0x00000000031a0000, 0x0000000003670000, 0x00000000121a0000]
 total_blobs=1467 nmethods=1205 adapters=175
 compilation: enabled

Compilation events (10 events):
Event: 3.730 Thread 0x00000000158cc800 nmethod 1205 0x0000000003652690 code [0x0000000003652840, 0x0000000003652d88]
Event: 3.742 Thread 0x00000000158cc800 1206       3       java.lang.Thread::interrupted (8 bytes)
Event: 3.742 Thread 0x00000000158cc800 nmethod 1206 0x0000000003638cd0 code [0x0000000003638e40, 0x0000000003638fc8]
Event: 3.745 Thread 0x0000000015879000 1207       4       com.android.dx.rop.code.ThrowingCstInsn::accept (8 bytes)
Event: 3.745 Thread 0x0000000015879000 nmethod 1207 0x0000000003630e10 code [0x0000000003630f40, 0x0000000003630fb8]
Event: 3.746 Thread 0x0000000015879000 1208       4       com.android.dx.rop.code.BasicBlockList$RegCountVisitor::visitThrowingCstInsn (6 bytes)
Event: 3.751 Thread 0x0000000015879000 nmethod 1208 0x000000000364de10 code [0x000000000364df60, 0x000000000364e1d8]
Event: 3.751 Thread 0x0000000015879000 1209 %     4       com.android.dx.rop.code.RopMethod::calcPredecessors @ 91 (227 bytes)
Event: 3.755 Thread 0x00000000158cc800 1214       3       com.android.dx.util.ListIntSet$1::hasNext (23 bytes)
Event: 3.755 Thread 0x00000000158cc800 nmethod 1214 0x0000000003634450 code [0x00000000036345c0, 0x0000000003634810]

GC Heap History (2 events):
Event: 2.354 GC heap before
{Heap before GC invocations=1 (full 0):
 PSYoungGen      total 38400K, used 33280K [0x00000000eab00000, 0x00000000ed580000, 0x0000000100000000)
  eden space 33280K, 100% used [0x00000000eab00000,0x00000000ecb80000,0x00000000ecb80000)
  from space 5120K, 0% used [0x00000000ed080000,0x00000000ed080000,0x00000000ed580000)
  to   space 5120K, 0% used [0x00000000ecb80000,0x00000000ecb80000,0x00000000ed080000)
 ParOldGen       total 87552K, used 0K [0x00000000c0000000, 0x00000000c5580000, 0x00000000eab00000)
  object space 87552K, 0% used [0x00000000c0000000,0x00000000c0000000,0x00000000c5580000)
 Metaspace       used 5684K, capacity 6832K, committed 7040K, reserved 1056768K
  class space    used 578K, capacity 616K, committed 640K, reserved 1048576K
Event: 2.568 GC heap after
Heap after GC invocations=1 (full 0):
 PSYoungGen      total 38400K, used 5107K [0x00000000eab00000, 0x00000000ed580000, 0x0000000100000000)
  eden space 33280K, 0% used [0x00000000eab00000,0x00000000eab00000,0x00000000ecb80000)
  from space 5120K, 99% used [0x00000000ecb80000,0x00000000ed07cc50,0x00000000ed080000)
  to   space 5120K, 0% used [0x00000000ed080000,0x00000000ed080000,0x00000000ed580000)
 ParOldGen       total 87552K, used 4034K [0x00000000c0000000, 0x00000000c5580000, 0x00000000eab00000)
  object space 87552K, 4% used [0x00000000c0000000,0x00000000c03f08f0,0x00000000c5580000)
 Metaspace       used 5684K, capacity 6832K, committed 7040K, reserved 1056768K
  class space    used 578K, capacity 616K, committed 640K, reserved 1048576K
}

Deoptimization events (2 events):
Event: 1.354 Thread 0x000000001744b000 Uncommon trap: reason=unstable_if action=reinterpret pc=0x000000000338887c method=java.util.HashMap.getNode(ILjava/lang/Object;)Ljava/util/HashMap$Node; @ 62
Event: 2.070 Thread 0x0000000017383000 Uncommon trap: reason=unstable_if action=reinterpret pc=0x000000000350bd5c method=com.android.dx.rop.cst.Constant.compareTo(Lcom/android/dx/rop/cst/Constant;)I @ 12

Internal exceptions (2 events):
Event: 0.112 Thread 0x00000000030a0800 Exception <a 'java/lang/NoSuchMethodError': Method sun.misc.Unsafe.defineClass(Ljava/lang/String;[BII)Ljava/lang/Class; name or signature does not match> (0x00000000eab0d2e8) thrown at [C:\workspace\8-2-build-windows-amd64-cygwin\jdk8u65\4987\hotspot\src\s†¥ÁÅµº?
Event: 0.112 Thread 0x00000000030a0800 Exception <a 'java/lang/NoSuchMethodError': Method sun.misc.Unsafe.prefetchRead(Ljava/lang/Object;J)V name or signature does not match> (0x00000000eab0d5d0) thrown at [C:\workspace\8-2-build-windows-amd64-cygwin\jdk8u65\4987\hotspot\src\share\vm\prims\jni.

Events (10 events):
Event: 2.674 loading class java/util/HashMap$KeySet
Event: 2.674 loading class java/util/HashMap$KeySet done
Event: 2.674 loading class java/util/HashMap$KeyIterator
Event: 2.674 loading class java/util/HashMap$KeyIterator done
Event: 3.713 loading class com/android/dx/util/ListIntSet
Event: 3.713 loading class com/android/dx/util/ListIntSet done
Event: 3.713 Executing VM operation: Deoptimize
Event: 3.714 Executing VM operation: Deoptimize done
Event: 3.742 loading class com/android/dx/util/ListIntSet$1
Event: 3.742 loading class com/android/dx/util/ListIntSet$1 done


Dynamic libraries:
0x00007ff6606e0000 - 0x00007ff660717000 	C:\Program Files\Java\jdk1.8.0_65\bin\java.exe
0x00007ffedc450000 - 0x00007ffedc611000 	C:\WINDOWS\SYSTEM32\ntdll.dll
0x00007ffedbc20000 - 0x00007ffedbccd000 	C:\WINDOWS\system32\KERNEL32.DLL
0x00007ffed8cb0000 - 0x00007ffed8e98000 	C:\WINDOWS\system32\KERNELBASE.dll
0x00007ffedb190000 - 0x00007ffedb237000 	C:\WINDOWS\system32\ADVAPI32.dll
0x00007ffedb750000 - 0x00007ffedb7ed000 	C:\WINDOWS\system32\msvcrt.dll
0x00007ffedb3a0000 - 0x00007ffedb3fb000 	C:\WINDOWS\system32\sechost.dll
0x00007ffed9a10000 - 0x00007ffed9b2c000 	C:\WINDOWS\system32\RPCRT4.dll
0x00007ffed9850000 - 0x00007ffed99a6000 	C:\WINDOWS\system32\USER32.dll
0x00007ffedb5c0000 - 0x00007ffedb746000 	C:\WINDOWS\system32\GDI32.dll
0x00007ffec72b0000 - 0x00007ffec7524000 	C:\WINDOWS\WinSxS\amd64_microsoft.windows.common-controls_6595b64144ccf1df_6.0.10586.0_none_8c15ae12515e1c22\COMCTL32.dll
0x00007ffedbcd0000 - 0x00007ffedbf4d000 	C:\WINDOWS\system32\combase.dll
0x00007ffed8c40000 - 0x00007ffed8caa000 	C:\WINDOWS\system32\bcryptPrimitives.dll
0x00007ffedb140000 - 0x00007ffedb17b000 	C:\WINDOWS\system32\IMM32.DLL
0x00000000546d0000 - 0x00000000547a2000 	C:\Program Files\Java\jdk1.8.0_65\jre\bin\msvcr100.dll
0x0000000054ae0000 - 0x0000000055369000 	C:\Program Files\Java\jdk1.8.0_65\jre\bin\server\jvm.dll
0x00007ffedb8e0000 - 0x00007ffedb8e8000 	C:\WINDOWS\system32\PSAPI.DLL
0x00007ffec8690000 - 0x00007ffec8699000 	C:\WINDOWS\SYSTEM32\WSOCK32.dll
0x00007ffedbbb0000 - 0x00007ffedbc1b000 	C:\WINDOWS\system32\WS2_32.dll
0x00007ffed6be0000 - 0x00007ffed6c03000 	C:\WINDOWS\SYSTEM32\WINMM.dll
0x00007ffec9b30000 - 0x00007ffec9b3a000 	C:\WINDOWS\SYSTEM32\VERSION.dll
0x00007ffed6bb0000 - 0x00007ffed6bdc000 	C:\WINDOWS\SYSTEM32\WINMMBASE.dll
0x00007ffed9800000 - 0x00007ffed9843000 	C:\WINDOWS\system32\cfgmgr32.dll
0x0000000056c20000 - 0x0000000056c2f000 	C:\Program Files\Java\jdk1.8.0_65\jre\bin\verify.dll
0x0000000055570000 - 0x0000000055599000 	C:\Program Files\Java\jdk1.8.0_65\jre\bin\java.dll
0x0000000055550000 - 0x0000000055566000 	C:\Program Files\Java\jdk1.8.0_65\jre\bin\zip.dll
0x00007ffed9b30000 - 0x00007ffedb08c000 	C:\WINDOWS\system32\SHELL32.dll
0x00007ffed8ea0000 - 0x00007ffed94e4000 	C:\WINDOWS\system32\windows.storage.dll
0x00007ffedbb50000 - 0x00007ffedbba2000 	C:\WINDOWS\system32\shlwapi.dll
0x00007ffed8a70000 - 0x00007ffed8a7f000 	C:\WINDOWS\system32\kernel.appcore.dll
0x00007ffed9570000 - 0x00007ffed9625000 	C:\WINDOWS\system32\shcore.dll
0x00007ffed8aa0000 - 0x00007ffed8aeb000 	C:\WINDOWS\system32\powrprof.dll
0x00007ffed8a80000 - 0x00007ffed8a94000 	C:\WINDOWS\system32\profapi.dll

VM Arguments:
jvm_args: -Djava.awt.headless=true -Xmx1024M -Dfile.encoding=windows-1252 -Duser.country=AT -Duser.language=de -Duser.variant 
java_command: com.android.dx.command.Main --dex --force-jumbo --num-threads=4 --multi-dex --output C:\Users\domsi\Desktop\TestApp\SSPClient\app\build\intermediates\transforms\dex\debug\folders\1000\5\slice_0 C:\Users\domsi\Desktop\TestApp\SSPClient\app\build\intermediates\transforms\instantRunSlicer\debug\folders\1\5\slice_0
java_class_path (initial): C:\Users\domsi\AppData\Local\Android\sdk\build-tools\23.0.3\lib\dx.jar
Launcher Type: SUN_STANDARD

Environment Variables:
JAVA_HOME=C:\Program Files\Java\jdk1.8.0_65
PATH=C:\ProgramData\Oracle\Java\javapath;C:\WINDOWS\system32;C:\WINDOWS;C:\WINDOWS\System32\Wbem;C:\WINDOWS\System32\WindowsPowerShell\v1.0\;C:\Program Files (x86)\AMD\ATI.ACE\Core-Static;C:\Program Files\Intel\WiFi\bin\;C:\Program Files\Common Files\Intel\WirelessCommon\;C:\Program Files\Git\cmd
USERNAME=domsi
OS=Windows_NT
PROCESSOR_IDENTIFIER=Intel64 Family 6 Model 61 Stepping 4, GenuineIntel



---------------  S Y S T E M  ---------------

OS: Windows 10.0 , 64 bit Build 10586 (10.0.10586.0)

CPU:total 4 (2 cores per cpu, 2 threads per core) family 6 model 61 stepping 4, cmov, cx8, fxsr, mmx, sse, sse2, sse3, ssse3, sse4.1, sse4.2, popcnt, avx, avx2, aes, clmul, erms, 3dnowpref, lzcnt, ht, tsc, tscinvbit, bmi1, bmi2, adx

Memory: 4k page, physical 8310476k(866012k free), swap 16174792k(4084k free)

vm_info: Java HotSpot(TM) 64-Bit Server VM (25.65-b01) for windows-amd64 JRE (1.8.0_65-b17), built on Oct  6 2015 16:39:20 by "java_re" with MS VC++ 10.0 (VS2010)

time: Wed Aug 17 21:46:42 2016
elapsed time: 3 seconds (0d 0h 0m 3s)

