#
# There is insufficient memory for the Java Runtime Environment to continue.
# Native memory allocation (malloc) failed to allocate 32744 bytes for ChunkPool::allocate
# Possible reasons:
#   The system is out of physical RAM or swap space
#   In 32 bit mode, the process size limit was hit
# Possible solutions:
#   Reduce memory load on the system
#   Increase physical memory or swap space
#   Check if swap backing store is full
#   Use 64 bit Java on a 64 bit OS
#   Decrease Java heap size (-Xmx/-Xms)
#   Decrease number of Java threads
#   Decrease Java thread stack sizes (-Xss)
#   Set larger code cache with -XX:ReservedCodeCacheSize=
# This output file may be truncated or incomplete.
#
#  Out of Memory Error (allocation.cpp:273), pid=9556, tid=11620
#
# JRE version: Java(TM) SE Runtime Environment (8.0_65-b17) (build 1.8.0_65-b17)
# Java VM: Java HotSpot(TM) 64-Bit Server VM (25.65-b01 mixed mode windows-amd64 compressed oops)
# Failed to write core dump. Minidumps are not enabled by default on client versions of Windows
#

---------------  T H R E A D  ---------------

Current thread (0x00000000157af800):  JavaThread "C2 CompilerThread1" daemon [_thread_in_native, id=11620, stack(0x0000000016f10000,0x0000000017010000)]

Stack: [0x0000000016f10000,0x0000000017010000]
[error occurred during error reporting (printing stack bounds), id 0xc0000005]

Native frames: (J=compiled Java code, j=interpreted, Vv=VM code, C=native code)


Current CompileTask:
C2:   3759 1474   !   4       com.android.dx.cf.code.BytecodeArray::parseInstruction (2764 bytes)


---------------  P R O C E S S  ---------------

Java Threads: ( => current thread )
  0x00000000173a6800 JavaThread "pool-2-thread-4" [_thread_blocked, id=3760, stack(0x0000000017b10000,0x0000000017c10000)]
  0x00000000173a6000 JavaThread "pool-2-thread-3" [_thread_in_vm, id=10068, stack(0x0000000017a10000,0x0000000017b10000)]
  0x00000000173a5000 JavaThread "pool-2-thread-2" [_thread_in_Java, id=2132, stack(0x0000000017910000,0x0000000017a10000)]
  0x00000000173a0800 JavaThread "pool-3-thread-1" [_thread_blocked, id=3680, stack(0x0000000017810000,0x0000000017910000)]
  0x000000001739b800 JavaThread "pool-2-thread-1" [_thread_in_Java, id=3628, stack(0x0000000017710000,0x0000000017810000)]
  0x0000000017114800 JavaThread "Service Thread" daemon [_thread_blocked, id=10400, stack(0x0000000017510000,0x0000000017610000)]
  0x000000001580b800 JavaThread "C1 CompilerThread2" daemon [_thread_blocked, id=2148, stack(0x0000000017010000,0x0000000017110000)]
=>0x00000000157af800 JavaThread "C2 CompilerThread1" daemon [_thread_in_native, id=11620, stack(0x0000000016f10000,0x0000000017010000)]
  0x00000000157a9000 JavaThread "C2 CompilerThread0" daemon [_thread_in_native, id=1084, stack(0x0000000016e10000,0x0000000016f10000)]
  0x00000000157a7800 JavaThread "Attach Listener" daemon [_thread_blocked, id=12048, stack(0x0000000016d10000,0x0000000016e10000)]
  0x00000000157a6000 JavaThread "Signal Dispatcher" daemon [_thread_blocked, id=8028, stack(0x0000000016c10000,0x0000000016d10000)]
  0x00000000030d0000 JavaThread "Finalizer" daemon [_thread_blocked, id=11196, stack(0x0000000016a00000,0x0000000016b00000)]
  0x00000000030cd000 JavaThread "Reference Handler" daemon [_thread_blocked, id=4612, stack(0x0000000016900000,0x0000000016a00000)]
  0x0000000002fe0800 JavaThread "main" [_thread_blocked, id=11164, stack(0x0000000002de0000,0x0000000002ee0000)]

Other Threads:
  0x0000000015778000 VMThread [stack: 0x0000000016800000,0x0000000016900000] [id=6764]
  0x0000000017131800 WatcherThread [stack: 0x0000000017610000,0x0000000017710000] [id=10988]

VM state:not at safepoint (normal execution)

VM Mutex/Monitor currently owned by a thread: None

Heap:
 PSYoungGen      total 38400K, used 31754K [0x00000000eab00000, 0x00000000ed580000, 0x0000000100000000)
  eden space 33280K, 80% used [0x00000000eab00000,0x00000000ec509ca8,0x00000000ecb80000)
  from space 5120K, 99% used [0x00000000ecb80000,0x00000000ed078e70,0x00000000ed080000)
  to   space 5120K, 0% used [0x00000000ed080000,0x00000000ed080000,0x00000000ed580000)
 ParOldGen       total 87552K, used 649K [0x00000000c0000000, 0x00000000c5580000, 0x00000000eab00000)
  object space 87552K, 0% used [0x00000000c0000000,0x00000000c00a24c0,0x00000000c5580000)
 Metaspace       used 6222K, capacity 7088K, committed 7296K, reserved 1056768K
  class space    used 601K, capacity 616K, committed 640K, reserved 1048576K

Card table byte_map: [0x00000000124a0000,0x00000000126b0000] byte_map_base: 0x0000000011ea0000

Marking Bits: (ParMarkBitMap*) 0x00000000552ea5b0
 Begin Bits: [0x0000000012c10000, 0x0000000013c10000)
 End Bits:   [0x0000000013c10000, 0x0000000014c10000)

Polling page: 0x0000000001100000

CodeCache: size=245760Kb used=6482Kb max_used=6496Kb free=239277Kb
 bounds [0x00000000030e0000, 0x0000000003740000, 0x00000000120e0000]
 total_blobs=1837 nmethods=1568 adapters=182
 compilation: enabled

Compilation events (10 events):
Event: 3.634 Thread 0x00000000157af800 nmethod 1503 0x00000000036911d0 code [0x0000000003691320, 0x0000000003691388]
Event: 3.634 Thread 0x00000000157af800 1472       4       com.android.dx.rop.cst.StdConstantPool::set (123 bytes)
Event: 3.637 Thread 0x00000000157af800 nmethod 1472 0x0000000003732090 code [0x0000000003732200, 0x00000000037324d8]
Event: 3.637 Thread 0x00000000157af800 1481       4       java.lang.StringBuilder::append (8 bytes)
Event: 3.645 Thread 0x00000000157af800 nmethod 1481 0x0000000003730290 code [0x00000000037303e0, 0x00000000037307b8]
Event: 3.645 Thread 0x00000000157af800 1486       4       com.android.dx.ssa.back.FirstFitLocalCombiningAllocator$1::visitNonMoveInsn (6 bytes)
Event: 3.645 Thread 0x00000000157af800 nmethod 1486 0x0000000003698310 code [0x0000000003698460, 0x00000000036984e8]
Event: 3.645 Thread 0x00000000157af800 1487       4       com.android.dx.ssa.SsaRenamer$BlockRenamer::visitNonMoveInsn (14 bytes)
Event: 3.670 Thread 0x00000000157af800 nmethod 1487 0x000000000373c790 code [0x000000000373c960, 0x000000000373d4b0]
Event: 3.670 Thread 0x00000000157af800 1474   !   4       com.android.dx.cf.code.BytecodeArray::parseInstruction (2764 bytes)

GC Heap History (2 events):
Event: 2.358 GC heap before
{Heap before GC invocations=1 (full 0):
 PSYoungGen      total 38400K, used 33280K [0x00000000eab00000, 0x00000000ed580000, 0x0000000100000000)
  eden space 33280K, 100% used [0x00000000eab00000,0x00000000ecb80000,0x00000000ecb80000)
  from space 5120K, 0% used [0x00000000ed080000,0x00000000ed080000,0x00000000ed580000)
  to   space 5120K, 0% used [0x00000000ecb80000,0x00000000ecb80000,0x00000000ed080000)
 ParOldGen       total 87552K, used 0K [0x00000000c0000000, 0x00000000c5580000, 0x00000000eab00000)
  object space 87552K, 0% used [0x00000000c0000000,0x00000000c0000000,0x00000000c5580000)
 Metaspace       used 5965K, capacity 6896K, committed 7040K, reserved 1056768K
  class space    used 595K, capacity 616K, committed 640K, reserved 1048576K
Event: 2.375 GC heap after
Heap after GC invocations=1 (full 0):
 PSYoungGen      total 38400K, used 5091K [0x00000000eab00000, 0x00000000ed580000, 0x0000000100000000)
  eden space 33280K, 0% used [0x00000000eab00000,0x00000000eab00000,0x00000000ecb80000)
  from space 5120K, 99% used [0x00000000ecb80000,0x00000000ed078e70,0x00000000ed080000)
  to   space 5120K, 0% used [0x00000000ed080000,0x00000000ed080000,0x00000000ed580000)
 ParOldGen       total 87552K, used 649K [0x00000000c0000000, 0x00000000c5580000, 0x00000000eab00000)
  object space 87552K, 0% used [0x00000000c0000000,0x00000000c00a24c0,0x00000000c5580000)
 Metaspace       used 5965K, capacity 6896K, committed 7040K, reserved 1056768K
  class space    used 595K, capacity 616K, committed 640K, reserved 1048576K
}

Deoptimization events (10 events):
Event: 1.828 Thread 0x00000000173a6800 Uncommon trap: reason=class_check action=maybe_recompile pc=0x0000000003326084 method=com.android.dx.rop.type.Type.equals(Ljava/lang/Object;)Z @ 8
Event: 1.828 Thread 0x00000000173a6800 Uncommon trap: reason=class_check action=maybe_recompile pc=0x0000000003326084 method=com.android.dx.rop.type.Type.equals(Ljava/lang/Object;)Z @ 8
Event: 1.828 Thread 0x00000000173a6800 Uncommon trap: reason=class_check action=maybe_recompile pc=0x0000000003326084 method=com.android.dx.rop.type.Type.equals(Ljava/lang/Object;)Z @ 8
Event: 1.828 Thread 0x00000000173a6800 Uncommon trap: reason=class_check action=maybe_recompile pc=0x0000000003326084 method=com.android.dx.rop.type.Type.equals(Ljava/lang/Object;)Z @ 8
Event: 1.836 Thread 0x00000000173a6800 Uncommon trap: reason=unstable_if action=reinterpret pc=0x00000000033be9dc method=com.android.dx.rop.cst.Constant.compareTo(Lcom/android/dx/rop/cst/Constant;)I @ 12
Event: 1.853 Thread 0x000000001739b800 Uncommon trap: reason=unstable_if action=reinterpret pc=0x0000000003433d10 method=com.android.dx.rop.code.LocalItem.hashCode()I @ 25
Event: 1.866 Thread 0x000000001739b800 Uncommon trap: reason=unstable_if action=reinterpret pc=0x00000000034863fc method=com.android.dx.rop.code.LocalItem.hashCode()I @ 25
Event: 2.419 Thread 0x00000000173a5000 Uncommon trap: reason=null_check action=make_not_entrant pc=0x00000000033e4f68 method=com.android.dx.ssa.SsaRenamer.getLocalForNewReg(I)Lcom/android/dx/rop/code/LocalItem; @ 19
Event: 2.420 Thread 0x00000000173a5000 Uncommon trap: reason=null_check action=make_not_entrant pc=0x00000000033c85e8 method=com.android.dx.ssa.SsaRenamer.getLocalForNewReg(I)Lcom/android/dx/rop/code/LocalItem; @ 19
Event: 3.453 Thread 0x00000000173a6000 Uncommon trap: reason=unstable_if action=reinterpret pc=0x000000000365a2b4 method=com.android.dx.ssa.SCCP.simulateStmt(Lcom/android/dx/ssa/SsaInsn;)V @ 53

Internal exceptions (4 events):
Event: 0.089 Thread 0x0000000002fe0800 Exception <a 'java/lang/NoSuchMethodError': Method sun.misc.Unsafe.defineClass(Ljava/lang/String;[BII)Ljava/lang/Class; name or signature does not match> (0x00000000eab0d398) thrown at [C:\workspace\8-2-build-windows-amd64-cygwin\jdk8u65\4987\hotspot\src\sŒµ{Pº∂?
Event: 0.089 Thread 0x0000000002fe0800 Exception <a 'java/lang/NoSuchMethodError': Method sun.misc.Unsafe.prefetchRead(Ljava/lang/Object;J)V name or signature does not match> (0x00000000eab0d680) thrown at [C:\workspace\8-2-build-windows-amd64-cygwin\jdk8u65\4987\hotspot\src\share\vm\prims\jni.Í“êÁËZ@
Event: 2.419 Thread 0x00000000173a5000 Implicit null exception at 0x00000000033e36ea to 0x00000000033e4f21
Event: 2.420 Thread 0x00000000173a5000 Implicit null exception at 0x00000000033c7291 to 0x00000000033c85c9

Events (10 events):
Event: 3.147 loading class com/android/dx/dex/file/AnnotationSetRefItem done
Event: 3.386 loading class com/android/dx/cf/attrib/AttRuntimeInvisibleAnnotations
Event: 3.386 loading class com/android/dx/cf/attrib/AttRuntimeInvisibleAnnotations done
Event: 3.387 loading class com/android/dx/cf/attrib/BaseAnnotations
Event: 3.387 loading class com/android/dx/cf/attrib/BaseAnnotations done
Event: 3.453 Thread 0x00000000173a6000 Uncommon trap: trap_request=0xffffff65 fr.pc=0x000000000365a2b4
Event: 3.453 Thread 0x00000000173a6000 DEOPT PACKING pc=0x000000000365a2b4 sp=0x0000000017b0e6e0
Event: 3.453 Thread 0x00000000173a6000 DEOPT UNPACKING pc=0x000000000312582a sp=0x0000000017b0e6c8 mode 2
Event: 3.517 loading class com/android/dx/cf/code/SwitchList
Event: 3.517 loading class com/android/dx/cf/code/SwitchList done


Dynamic libraries:
0x00007ff6606e0000 - 0x00007ff660717000 	C:\Program Files\Java\jdk1.8.0_65\bin\java.exe
0x00007ffedc450000 - 0x00007ffedc611000 	C:\WINDOWS\SYSTEM32\ntdll.dll
0x00007ffedbc20000 - 0x00007ffedbccd000 	C:\WINDOWS\system32\KERNEL32.DLL
0x00007ffed8cb0000 - 0x00007ffed8e98000 	C:\WINDOWS\system32\KERNELBASE.dll
0x00007ffedb190000 - 0x00007ffedb237000 	C:\WINDOWS\system32\ADVAPI32.dll
0x00007ffedb750000 - 0x00007ffedb7ed000 	C:\WINDOWS\system32\msvcrt.dll
0x00007ffedb3a0000 - 0x00007ffedb3fb000 	C:\WINDOWS\system32\sechost.dll
0x00007ffed9a10000 - 0x00007ffed9b2c000 	C:\WINDOWS\system32\RPCRT4.dll
0x00007ffed9850000 - 0x00007ffed99a6000 	C:\WINDOWS\system32\USER32.dll
0x00007ffedb5c0000 - 0x00007ffedb746000 	C:\WINDOWS\system32\GDI32.dll
0x00007ffec72b0000 - 0x00007ffec7524000 	C:\WINDOWS\WinSxS\amd64_microsoft.windows.common-controls_6595b64144ccf1df_6.0.10586.0_none_8c15ae12515e1c22\COMCTL32.dll
0x00007ffedbcd0000 - 0x00007ffedbf4d000 	C:\WINDOWS\system32\combase.dll
0x00007ffed8c40000 - 0x00007ffed8caa000 	C:\WINDOWS\system32\bcryptPrimitives.dll
0x00007ffedb140000 - 0x00007ffedb17b000 	C:\WINDOWS\system32\IMM32.DLL
0x00000000546d0000 - 0x00000000547a2000 	C:\Program Files\Java\jdk1.8.0_65\jre\bin\msvcr100.dll
0x0000000054ae0000 - 0x0000000055369000 	C:\Program Files\Java\jdk1.8.0_65\jre\bin\server\jvm.dll
0x00007ffedb8e0000 - 0x00007ffedb8e8000 	C:\WINDOWS\system32\PSAPI.DLL
0x00007ffec8690000 - 0x00007ffec8699000 	C:\WINDOWS\SYSTEM32\WSOCK32.dll
0x00007ffedbbb0000 - 0x00007ffedbc1b000 	C:\WINDOWS\system32\WS2_32.dll
0x00007ffed6be0000 - 0x00007ffed6c03000 	C:\WINDOWS\SYSTEM32\WINMM.dll
0x00007ffec9b30000 - 0x00007ffec9b3a000 	C:\WINDOWS\SYSTEM32\VERSION.dll
0x00007ffed6bb0000 - 0x00007ffed6bdc000 	C:\WINDOWS\SYSTEM32\WINMMBASE.dll
0x00007ffed9800000 - 0x00007ffed9843000 	C:\WINDOWS\system32\cfgmgr32.dll
0x0000000056c20000 - 0x0000000056c2f000 	C:\Program Files\Java\jdk1.8.0_65\jre\bin\verify.dll
0x0000000055570000 - 0x0000000055599000 	C:\Program Files\Java\jdk1.8.0_65\jre\bin\java.dll
0x0000000055550000 - 0x0000000055566000 	C:\Program Files\Java\jdk1.8.0_65\jre\bin\zip.dll
0x00007ffed9b30000 - 0x00007ffedb08c000 	C:\WINDOWS\system32\SHELL32.dll
0x00007ffed8ea0000 - 0x00007ffed94e4000 	C:\WINDOWS\system32\windows.storage.dll
0x00007ffedbb50000 - 0x00007ffedbba2000 	C:\WINDOWS\system32\shlwapi.dll
0x00007ffed8a70000 - 0x00007ffed8a7f000 	C:\WINDOWS\system32\kernel.appcore.dll
0x00007ffed9570000 - 0x00007ffed9625000 	C:\WINDOWS\system32\shcore.dll
0x00007ffed8aa0000 - 0x00007ffed8aeb000 	C:\WINDOWS\system32\powrprof.dll
0x00007ffed8a80000 - 0x00007ffed8a94000 	C:\WINDOWS\system32\profapi.dll

VM Arguments:
jvm_args: -Djava.awt.headless=true -Xmx1024M -Dfile.encoding=windows-1252 -Duser.country=AT -Duser.language=de -Duser.variant 
java_command: com.android.dx.command.Main --dex --force-jumbo --num-threads=4 --multi-dex --output C:\Users\domsi\Desktop\TestApp\SSPClient\app\build\intermediates\transforms\dex\debug\folders\1000\10\internal_impl-23.3.0_308c3d6b7f07ab4f17687f04a830fb5a25207dc5 C:\Users\domsi\Desktop\TestApp\SSPClient\app\build\intermediates\exploded-aar\com.android.support\support-v4\23.3.0\jars\libs\internal_impl-23.3.0.jar
java_class_path (initial): C:\Users\domsi\AppData\Local\Android\sdk\build-tools\23.0.3\lib\dx.jar
Launcher Type: SUN_STANDARD

Environment Variables:
JAVA_HOME=C:\Program Files\Java\jdk1.8.0_65
PATH=C:\ProgramData\Oracle\Java\javapath;C:\WINDOWS\system32;C:\WINDOWS;C:\WINDOWS\System32\Wbem;C:\WINDOWS\System32\WindowsPowerShell\v1.0\;C:\Program Files (x86)\AMD\ATI.ACE\Core-Static;C:\Program Files\Intel\WiFi\bin\;C:\Program Files\Common Files\Intel\WirelessCommon\;C:\Program Files\Git\cmd
USERNAME=domsi
OS=Windows_NT
PROCESSOR_IDENTIFIER=Intel64 Family 6 Model 61 Stepping 4, GenuineIntel



---------------  S Y S T E M  ---------------

OS: Windows 10.0 , 64 bit Build 10586 (10.0.10586.0)

CPU:total 4 (2 cores per cpu, 2 threads per core) family 6 model 61 stepping 4, cmov, cx8, fxsr, mmx, sse, sse2, sse3, ssse3, sse4.1, sse4.2, popcnt, avx, avx2, aes, clmul, erms, 3dnowpref, lzcnt, ht, tsc, tscinvbit, bmi1, bmi2, adx

Memory: 4k page, physical 8310476k(866156k free), swap 16174792k(4084k free)

vm_info: Java HotSpot(TM) 64-Bit Server VM (25.65-b01) for windows-amd64 JRE (1.8.0_65-b17), built on Oct  6 2015 16:39:20 by "java_re" with MS VC++ 10.0 (VS2010)

time: Wed Aug 17 21:46:42 2016
elapsed time: 3 seconds (0d 0h 0m 3s)

