#
# There is insufficient memory for the Java Runtime Environment to continue.
# Native memory allocation (malloc) failed to allocate 423536 bytes for Chunk::new
# Possible reasons:
#   The system is out of physical RAM or swap space
#   In 32 bit mode, the process size limit was hit
# Possible solutions:
#   Reduce memory load on the system
#   Increase physical memory or swap space
#   Check if swap backing store is full
#   Use 64 bit Java on a 64 bit OS
#   Decrease Java heap size (-Xmx/-Xms)
#   Decrease number of Java threads
#   Decrease Java thread stack sizes (-Xss)
#   Set larger code cache with -XX:ReservedCodeCacheSize=
# This output file may be truncated or incomplete.
#
#  Out of Memory Error (allocation.cpp:390), pid=9736, tid=2716
#
# JRE version: Java(TM) SE Runtime Environment (8.0_65-b17) (build 1.8.0_65-b17)
# Java VM: Java HotSpot(TM) 64-Bit Server VM (25.65-b01 mixed mode windows-amd64 compressed oops)
# Failed to write core dump. Minidumps are not enabled by default on client versions of Windows
#

---------------  T H R E A D  ---------------

Current thread (0x00000000150a9000):  JavaThread "C2 CompilerThread0" daemon [_thread_in_native, id=2716, stack(0x0000000016710000,0x0000000016810000)]

Stack: [0x0000000016710000,0x0000000016810000]
[error occurred during error reporting (printing stack bounds), id 0xc0000005]

Native frames: (J=compiled Java code, j=interpreted, Vv=VM code, C=native code)


Current CompileTask:
C2:   1043  768       4       com.android.dx.ssa.back.LivenessAnalyzer::handleTailRecursion (94 bytes)


---------------  P R O C E S S  ---------------

Java Threads: ( => current thread )
  0x0000000016bc5800 JavaThread "pool-2-thread-4" [_thread_blocked, id=9888, stack(0x0000000017410000,0x0000000017510000)]
  0x0000000016bbf000 JavaThread "pool-2-thread-3" [_thread_in_Java, id=12196, stack(0x0000000017310000,0x0000000017410000)]
  0x0000000016bbe800 JavaThread "pool-2-thread-2" [_thread_in_Java, id=6020, stack(0x0000000017210000,0x0000000017310000)]
  0x0000000016bbd800 JavaThread "pool-3-thread-1" [_thread_blocked, id=9240, stack(0x0000000017110000,0x0000000017210000)]
  0x0000000016bb3800 JavaThread "pool-2-thread-1" [_thread_blocked, id=5564, stack(0x0000000017010000,0x0000000017110000)]
  0x0000000016a15800 JavaThread "Service Thread" daemon [_thread_blocked, id=10532, stack(0x0000000016e10000,0x0000000016f10000)]
  0x000000001510b800 JavaThread "C1 CompilerThread2" daemon [_thread_in_native, id=7788, stack(0x0000000016910000,0x0000000016a10000)]
  0x00000000150b0800 JavaThread "C2 CompilerThread1" daemon [_thread_in_native, id=5516, stack(0x0000000016810000,0x0000000016910000)]
=>0x00000000150a9000 JavaThread "C2 CompilerThread0" daemon [_thread_in_native, id=2716, stack(0x0000000016710000,0x0000000016810000)]
  0x00000000150a7800 JavaThread "Attach Listener" daemon [_thread_blocked, id=4208, stack(0x0000000016610000,0x0000000016710000)]
  0x00000000150a6000 JavaThread "Signal Dispatcher" daemon [_thread_blocked, id=10732, stack(0x0000000016510000,0x0000000016610000)]
  0x0000000015079800 JavaThread "Finalizer" daemon [_thread_blocked, id=10268, stack(0x0000000016300000,0x0000000016400000)]
  0x00000000029cf800 JavaThread "Reference Handler" daemon [_thread_blocked, id=7444, stack(0x0000000016200000,0x0000000016300000)]
  0x00000000028e0800 JavaThread "main" [_thread_blocked, id=1484, stack(0x0000000002780000,0x0000000002880000)]

Other Threads:
  0x0000000015077800 VMThread [stack: 0x0000000016100000,0x0000000016200000] [id=10940]
  0x0000000016a1d800 WatcherThread [stack: 0x0000000016f10000,0x0000000017010000] [id=9276]

VM state:not at safepoint (normal execution)

VM Mutex/Monitor currently owned by a thread: None

Heap:
 PSYoungGen      total 38400K, used 18655K [0x00000000eab00000, 0x00000000ed580000, 0x0000000100000000)
  eden space 33280K, 56% used [0x00000000eab00000,0x00000000ebd37ca8,0x00000000ecb80000)
  from space 5120K, 0% used [0x00000000ed080000,0x00000000ed080000,0x00000000ed580000)
  to   space 5120K, 0% used [0x00000000ecb80000,0x00000000ecb80000,0x00000000ed080000)
 ParOldGen       total 87552K, used 0K [0x00000000c0000000, 0x00000000c5580000, 0x00000000eab00000)
  object space 87552K, 0% used [0x00000000c0000000,0x00000000c0000000,0x00000000c5580000)
 Metaspace       used 5709K, capacity 6704K, committed 6784K, reserved 1056768K
  class space    used 595K, capacity 616K, committed 640K, reserved 1048576K

Card table byte_map: [0x0000000011da0000,0x0000000011fb0000] byte_map_base: 0x00000000117a0000

Marking Bits: (ParMarkBitMap*) 0x00000000552ea5b0
 Begin Bits: [0x0000000012510000, 0x0000000013510000)
 End Bits:   [0x0000000013510000, 0x0000000014510000)

Polling page: 0x0000000000cc0000

CodeCache: size=245760Kb used=3079Kb max_used=3079Kb free=242680Kb
 bounds [0x00000000029e0000, 0x0000000002cf0000, 0x00000000119e0000]
 total_blobs=1097 nmethods=827 adapters=182
 compilation: enabled

Compilation events (10 events):
Event: 1.037 Thread 0x000000001510b800 nmethod 771 0x0000000002cd6250 code [0x0000000002cd63a0, 0x0000000002cd6510]
Event: 1.037 Thread 0x000000001510b800  782       3       java.util.BitSet::nextClearBit (116 bytes)
Event: 1.038 Thread 0x000000001510b800 nmethod 782 0x0000000002cd65d0 code [0x0000000002cd67e0, 0x0000000002cd72d8]
Event: 1.038 Thread 0x000000001510b800  783       3       com.android.dx.ssa.back.FirstFitLocalCombiningAllocator::getAlignment (32 bytes)
Event: 1.038 Thread 0x000000001510b800 nmethod 783 0x0000000002cd7890 code [0x0000000002cd7a00, 0x0000000002cd7cd0]
Event: 1.038 Thread 0x000000001510b800  784       3       com.android.dx.ssa.back.FirstFitLocalCombiningAllocator$Alignment$3::nextClearBit (6 bytes)
Event: 1.038 Thread 0x000000001510b800 nmethod 784 0x0000000002cd7d90 code [0x0000000002cd7f00, 0x0000000002cd80a8]
Event: 1.038 Thread 0x000000001510b800  834       3       com.android.dx.cf.code.BaseMachine::clearArgs (56 bytes)
Event: 1.039 Thread 0x000000001510b800 nmethod 834 0x0000000002cd8190 code [0x0000000002cd82e0, 0x0000000002cd84d0]
Event: 1.039 Thread 0x000000001510b800  773       3       com.android.dx.ssa.back.InterferenceGraph::mergeInterferenceSet (29 bytes)

GC Heap History (0 events):
No events

Deoptimization events (0 events):
No events

Internal exceptions (2 events):
Event: 0.122 Thread 0x00000000028e0800 Exception <a 'java/lang/NoSuchMethodError': Method sun.misc.Unsafe.defineClass(Ljava/lang/String;[BII)Ljava/lang/Class; name or signature does not match> (0x00000000eab0d4c0) thrown at [C:\workspace\8-2-build-windows-amd64-cygwin\jdk8u65\4987\hotspot\src\s?p½nM¿?
Event: 0.122 Thread 0x00000000028e0800 Exception <a 'java/lang/NoSuchMethodError': Method sun.misc.Unsafe.prefetchRead(Ljava/lang/Object;J)V name or signature does not match> (0x00000000eab0d7a8) thrown at [C:\workspace\8-2-build-windows-amd64-cygwin\jdk8u65\4987\hotspot\src\share\vm\prims\jni.

Events (10 events):
Event: 0.872 loading class java/util/TreeMap$EntrySet
Event: 0.872 loading class java/util/TreeMap$EntrySet done
Event: 0.872 loading class java/util/TreeMap$EntryIterator
Event: 0.873 loading class java/util/TreeMap$EntryIterator done
Event: 0.920 loading class com/android/dx/dex/file/FieldAnnotationStruct
Event: 0.920 loading class com/android/dx/dex/file/FieldAnnotationStruct done
Event: 0.924 loading class java/util/ArrayList$1
Event: 0.924 loading class java/util/ArrayList$1 done
Event: 0.971 Executing VM operation: ForceSafepoint
Event: 0.973 Executing VM operation: ForceSafepoint done


Dynamic libraries:
0x00007ff6606e0000 - 0x00007ff660717000 	C:\Program Files\Java\jdk1.8.0_65\bin\java.exe
0x00007ffedc450000 - 0x00007ffedc611000 	C:\WINDOWS\SYSTEM32\ntdll.dll
0x00007ffedbc20000 - 0x00007ffedbccd000 	C:\WINDOWS\system32\KERNEL32.DLL
0x00007ffed8cb0000 - 0x00007ffed8e98000 	C:\WINDOWS\system32\KERNELBASE.dll
0x00007ffedb190000 - 0x00007ffedb237000 	C:\WINDOWS\system32\ADVAPI32.dll
0x00007ffedb750000 - 0x00007ffedb7ed000 	C:\WINDOWS\system32\msvcrt.dll
0x00007ffedb3a0000 - 0x00007ffedb3fb000 	C:\WINDOWS\system32\sechost.dll
0x00007ffed9a10000 - 0x00007ffed9b2c000 	C:\WINDOWS\system32\RPCRT4.dll
0x00007ffed9850000 - 0x00007ffed99a6000 	C:\WINDOWS\system32\USER32.dll
0x00007ffedb5c0000 - 0x00007ffedb746000 	C:\WINDOWS\system32\GDI32.dll
0x00007ffec72b0000 - 0x00007ffec7524000 	C:\WINDOWS\WinSxS\amd64_microsoft.windows.common-controls_6595b64144ccf1df_6.0.10586.0_none_8c15ae12515e1c22\COMCTL32.dll
0x00007ffedbcd0000 - 0x00007ffedbf4d000 	C:\WINDOWS\system32\combase.dll
0x00007ffed8c40000 - 0x00007ffed8caa000 	C:\WINDOWS\system32\bcryptPrimitives.dll
0x00007ffedb140000 - 0x00007ffedb17b000 	C:\WINDOWS\system32\IMM32.DLL
0x00000000546d0000 - 0x00000000547a2000 	C:\Program Files\Java\jdk1.8.0_65\jre\bin\msvcr100.dll
0x0000000054ae0000 - 0x0000000055369000 	C:\Program Files\Java\jdk1.8.0_65\jre\bin\server\jvm.dll
0x00007ffedb8e0000 - 0x00007ffedb8e8000 	C:\WINDOWS\system32\PSAPI.DLL
0x00007ffec8690000 - 0x00007ffec8699000 	C:\WINDOWS\SYSTEM32\WSOCK32.dll
0x00007ffedbbb0000 - 0x00007ffedbc1b000 	C:\WINDOWS\system32\WS2_32.dll
0x00007ffed6be0000 - 0x00007ffed6c03000 	C:\WINDOWS\SYSTEM32\WINMM.dll
0x00007ffec9b30000 - 0x00007ffec9b3a000 	C:\WINDOWS\SYSTEM32\VERSION.dll
0x00007ffed6bb0000 - 0x00007ffed6bdc000 	C:\WINDOWS\SYSTEM32\WINMMBASE.dll
0x00007ffed9800000 - 0x00007ffed9843000 	C:\WINDOWS\system32\cfgmgr32.dll
0x0000000056c20000 - 0x0000000056c2f000 	C:\Program Files\Java\jdk1.8.0_65\jre\bin\verify.dll
0x0000000055570000 - 0x0000000055599000 	C:\Program Files\Java\jdk1.8.0_65\jre\bin\java.dll
0x0000000055550000 - 0x0000000055566000 	C:\Program Files\Java\jdk1.8.0_65\jre\bin\zip.dll
0x00007ffed9b30000 - 0x00007ffedb08c000 	C:\WINDOWS\system32\SHELL32.dll
0x00007ffed8ea0000 - 0x00007ffed94e4000 	C:\WINDOWS\system32\windows.storage.dll
0x00007ffedbb50000 - 0x00007ffedbba2000 	C:\WINDOWS\system32\shlwapi.dll
0x00007ffed8a70000 - 0x00007ffed8a7f000 	C:\WINDOWS\system32\kernel.appcore.dll
0x00007ffed9570000 - 0x00007ffed9625000 	C:\WINDOWS\system32\shcore.dll
0x00007ffed8aa0000 - 0x00007ffed8aeb000 	C:\WINDOWS\system32\powrprof.dll
0x00007ffed8a80000 - 0x00007ffed8a94000 	C:\WINDOWS\system32\profapi.dll

VM Arguments:
jvm_args: -Djava.awt.headless=true -Xmx1024M -Dfile.encoding=windows-1252 -Duser.country=AT -Duser.language=de -Duser.variant 
java_command: com.android.dx.command.Main --dex --force-jumbo --num-threads=4 --multi-dex --output C:\Users\domsi\Desktop\TestApp\SSPClient\app\build\intermediates\transforms\dex\debug\folders\1000\10\instant-run_7775355636dda330a4dfb32a40ef5afbe80b7711 C:\Users\domsi\Desktop\TestApp\SSPClient\app\build\intermediates\incremental-runtime-classes\debug\instant-run.jar
java_class_path (initial): C:\Users\domsi\AppData\Local\Android\sdk\build-tools\23.0.3\lib\dx.jar
Launcher Type: SUN_STANDARD

Environment Variables:
JAVA_HOME=C:\Program Files\Java\jdk1.8.0_65
PATH=C:\ProgramData\Oracle\Java\javapath;C:\WINDOWS\system32;C:\WINDOWS;C:\WINDOWS\System32\Wbem;C:\WINDOWS\System32\WindowsPowerShell\v1.0\;C:\Program Files (x86)\AMD\ATI.ACE\Core-Static;C:\Program Files\Intel\WiFi\bin\;C:\Program Files\Common Files\Intel\WirelessCommon\;C:\Program Files\Git\cmd
USERNAME=domsi
OS=Windows_NT
PROCESSOR_IDENTIFIER=Intel64 Family 6 Model 61 Stepping 4, GenuineIntel



---------------  S Y S T E M  ---------------

OS: Windows 10.0 , 64 bit Build 10586 (10.0.10586.0)

CPU:total 4 (2 cores per cpu, 2 threads per core) family 6 model 61 stepping 4, cmov, cx8, fxsr, mmx, sse, sse2, sse3, ssse3, sse4.1, sse4.2, popcnt, avx, avx2, aes, clmul, erms, 3dnowpref, lzcnt, ht, tsc, tscinvbit, bmi1, bmi2, adx

Memory: 4k page, physical 8310476k(1121420k free), swap 16174792k(6180k free)

vm_info: Java HotSpot(TM) 64-Bit Server VM (25.65-b01) for windows-amd64 JRE (1.8.0_65-b17), built on Oct  6 2015 16:39:20 by "java_re" with MS VC++ 10.0 (VS2010)

time: Wed Aug 17 21:45:57 2016
elapsed time: 1 seconds (0d 0h 0m 1s)

