#
# There is insufficient memory for the Java Runtime Environment to continue.
# Native memory allocation (malloc) failed to allocate 70016 bytes for Chunk::new
# Possible reasons:
#   The system is out of physical RAM or swap space
#   In 32 bit mode, the process size limit was hit
# Possible solutions:
#   Reduce memory load on the system
#   Increase physical memory or swap space
#   Check if swap backing store is full
#   Use 64 bit Java on a 64 bit OS
#   Decrease Java heap size (-Xmx/-Xms)
#   Decrease number of Java threads
#   Decrease Java thread stack sizes (-Xss)
#   Set larger code cache with -XX:ReservedCodeCacheSize=
# This output file may be truncated or incomplete.
#
#  Out of Memory Error (allocation.cpp:390), pid=2960, tid=7752
#
# JRE version: Java(TM) SE Runtime Environment (8.0_65-b17) (build 1.8.0_65-b17)
# Java VM: Java HotSpot(TM) 64-Bit Server VM (25.65-b01 mixed mode windows-amd64 compressed oops)
# Failed to write core dump. Minidumps are not enabled by default on client versions of Windows
#

---------------  T H R E A D  ---------------

Current thread (0x000000001519f800):  JavaThread "C2 CompilerThread1" daemon [_thread_in_native, id=7752, stack(0x0000000016920000,0x0000000016a20000)]

Stack: [0x0000000016920000,0x0000000016a20000]
[error occurred during error reporting (printing stack bounds), id 0xc0000005]

Native frames: (J=compiled Java code, j=interpreted, Vv=VM code, C=native code)


Current CompileTask:
C2:   2036 1068 %     4       com.android.dx.ssa.SsaMethod::computeReachability @ 95 (131 bytes)


---------------  P R O C E S S  ---------------

Java Threads: ( => current thread )
  0x0000000016cae000 JavaThread "pool-2-thread-4" [_thread_in_vm, id=3184, stack(0x0000000017520000,0x0000000017620000)]
  0x0000000016caa800 JavaThread "pool-2-thread-3" [_thread_in_Java, id=10920, stack(0x0000000017420000,0x0000000017520000)]
  0x0000000016ca5800 JavaThread "pool-2-thread-2" [_thread_blocked, id=10288, stack(0x0000000017320000,0x0000000017420000)]
  0x0000000016c9d000 JavaThread "pool-3-thread-1" [_thread_blocked, id=5900, stack(0x0000000017220000,0x0000000017320000)]
  0x0000000016c9c000 JavaThread "pool-2-thread-1" [_thread_in_vm, id=10652, stack(0x0000000017120000,0x0000000017220000)]
  0x0000000016b3c800 JavaThread "Service Thread" daemon [_thread_blocked, id=7280, stack(0x0000000016f20000,0x0000000017020000)]
  0x00000000151fb800 JavaThread "C1 CompilerThread2" daemon [_thread_in_native_trans, id=2260, stack(0x0000000016a20000,0x0000000016b20000)]
=>0x000000001519f800 JavaThread "C2 CompilerThread1" daemon [_thread_in_native, id=7752, stack(0x0000000016920000,0x0000000016a20000)]
  0x0000000015199800 JavaThread "C2 CompilerThread0" daemon [_thread_in_native, id=6792, stack(0x0000000016820000,0x0000000016920000)]
  0x0000000015197800 JavaThread "Attach Listener" daemon [_thread_blocked, id=1332, stack(0x0000000016720000,0x0000000016820000)]
  0x0000000015196000 JavaThread "Signal Dispatcher" daemon [_thread_blocked, id=4092, stack(0x0000000016620000,0x0000000016720000)]
  0x0000000002ac0000 JavaThread "Finalizer" daemon [_thread_blocked, id=4596, stack(0x0000000016410000,0x0000000016510000)]
  0x0000000002abd000 JavaThread "Reference Handler" daemon [_thread_blocked, id=8888, stack(0x0000000016310000,0x0000000016410000)]
  0x00000000029d0800 JavaThread "main" [_thread_blocked, id=4852, stack(0x00000000028d0000,0x00000000029d0000)]

Other Threads:
  0x0000000015168000 VMThread [stack: 0x0000000016210000,0x0000000016310000] [id=8316]
  0x0000000016b41000 WatcherThread [stack: 0x0000000017020000,0x0000000017120000] [id=1028]

VM state:not at safepoint (normal execution)

VM Mutex/Monitor currently owned by a thread:  ([mutex/lock_event])
[0x00000000028cb790] CodeCache_lock - owner thread: 0x00000000151fb800
[0x00000000028cd770] Compile_lock - owner thread: 0x0000000015199800
[0x00000000028ccb70] MethodCompileQueue_lock - owner thread: 0x0000000015199800

Heap:
 PSYoungGen      total 38400K, used 26646K [0x00000000eab00000, 0x00000000ed580000, 0x0000000100000000)
  eden space 33280K, 80% used [0x00000000eab00000,0x00000000ec505a50,0x00000000ecb80000)
  from space 5120K, 0% used [0x00000000ed080000,0x00000000ed080000,0x00000000ed580000)
  to   space 5120K, 0% used [0x00000000ecb80000,0x00000000ecb80000,0x00000000ed080000)
 ParOldGen       total 87552K, used 0K [0x00000000c0000000, 0x00000000c5580000, 0x00000000eab00000)
  object space 87552K, 0% used [0x00000000c0000000,0x00000000c0000000,0x00000000c5580000)
 Metaspace       used 5896K, capacity 6834K, committed 7040K, reserved 1056768K
  class space    used 599K, capacity 618K, committed 640K, reserved 1048576K

Card table byte_map: [0x0000000011e90000,0x00000000120a0000] byte_map_base: 0x0000000011890000

Marking Bits: (ParMarkBitMap*) 0x00000000552ea5b0
 Begin Bits: [0x0000000012600000, 0x0000000013600000)
 End Bits:   [0x0000000013600000, 0x0000000014600000)

Polling page: 0x00000000010e0000

CodeCache: size=245760Kb used=4329Kb max_used=4344Kb free=241430Kb
 bounds [0x0000000002ad0000, 0x0000000002f20000, 0x0000000011ad0000]
 total_blobs=1341 nmethods=1072 adapters=182
 compilation: enabled

Compilation events (10 events):
Event: 2.013 Thread 0x000000001519f800 1067       4       com.android.dx.cf.code.LineNumberList::pcToLine (73 bytes)
Event: 2.017 Thread 0x000000001519f800 nmethod 1067 0x0000000002eda5d0 code [0x0000000002eda720, 0x0000000002eda9b8]
Event: 2.018 Thread 0x000000001519f800 1068 %     4       com.android.dx.ssa.SsaMethod::computeReachability @ 95 (131 bytes)
Event: 2.029 Thread 0x00000000151fb800 1069       3       java.util.TreeMap::values (27 bytes)
Event: 2.029 Thread 0x00000000151fb800 nmethod 1069 0x0000000002f04090 code [0x0000000002f04200, 0x0000000002f04550]
Event: 2.029 Thread 0x00000000151fb800 1070       3       com.android.dx.ssa.SsaMethod::mapRegisters (87 bytes)
Event: 2.030 Thread 0x00000000151fb800 nmethod 1070 0x0000000002f024d0 code [0x0000000002f02740, 0x0000000002f038a8]
Event: 2.030 Thread 0x00000000151fb800 1071       3       com.android.dx.rop.code.PlainCstInsn::<init> (30 bytes)
Event: 2.031 Thread 0x00000000151fb800 nmethod 1071 0x0000000002f01c10 code [0x0000000002f01dc0, 0x0000000002f02288]
Event: 2.032 Thread 0x00000000151fb800 1073       3       com.android.dx.rop.type.StdTypeList::withFirst (53 bytes)

GC Heap History (0 events):
No events

Deoptimization events (6 events):
Event: 1.422 Thread 0x0000000016cae000 Uncommon trap: reason=class_check action=maybe_recompile pc=0x0000000002d22d30 method=com.android.dx.ssa.NormalSsaInsn.accept(Lcom/android/dx/ssa/SsaInsn$Visitor;)V @ 9
Event: 1.423 Thread 0x0000000016cae000 Uncommon trap: reason=class_check action=maybe_recompile pc=0x0000000002ceb230 method=com.android.dx.ssa.NormalSsaInsn.accept(Lcom/android/dx/ssa/SsaInsn$Visitor;)V @ 9
Event: 1.785 Thread 0x0000000016c9c000 Uncommon trap: reason=unstable_if action=reinterpret pc=0x0000000002e43e4c method=com.android.dx.ssa.SsaRenamer$BlockRenamer.addMapping(ILcom/android/dx/rop/code/RegisterSpec;)V @ 120
Event: 1.785 Thread 0x0000000016c9c000 Uncommon trap: reason=class_check action=maybe_recompile pc=0x0000000002d22d30 method=com.android.dx.ssa.NormalSsaInsn.accept(Lcom/android/dx/ssa/SsaInsn$Visitor;)V @ 9
Event: 1.785 Thread 0x0000000016c9c000 Uncommon trap: reason=class_check action=maybe_recompile pc=0x0000000002d22d30 method=com.android.dx.ssa.NormalSsaInsn.accept(Lcom/android/dx/ssa/SsaInsn$Visitor;)V @ 9
Event: 1.786 Thread 0x0000000016c9c000 Uncommon trap: reason=class_check action=maybe_recompile pc=0x0000000002ceb230 method=com.android.dx.ssa.NormalSsaInsn.accept(Lcom/android/dx/ssa/SsaInsn$Visitor;)V @ 9

Internal exceptions (2 events):
Event: 0.117 Thread 0x00000000029d0800 Exception <a 'java/lang/NoSuchMethodError': Method sun.misc.Unsafe.defineClass(Ljava/lang/String;[BII)Ljava/lang/Class; name or signature does not match> (0x00000000eab0d340) thrown at [C:\workspace\8-2-build-windows-amd64-cygwin\jdk8u65\4987\hotspot\src\sçÿJ
Event: 0.117 Thread 0x00000000029d0800 Exception <a 'java/lang/NoSuchMethodError': Method sun.misc.Unsafe.prefetchRead(Ljava/lang/Object;J)V name or signature does not match> (0x00000000eab0d628) thrown at [C:\workspace\8-2-build-windows-amd64-cygwin\jdk8u65\4987\hotspot\src\share\vm\prims\jni.

Events (10 events):
Event: 1.785 Thread 0x0000000016c9c000 DEOPT UNPACKING pc=0x0000000002b1582a sp=0x000000001721e880 mode 2
Event: 1.785 Thread 0x0000000016c9c000 Uncommon trap: trap_request=0xffffffde fr.pc=0x0000000002d22d30
Event: 1.785 Thread 0x0000000016c9c000 DEOPT PACKING pc=0x0000000002d22d30 sp=0x000000001721eb20
Event: 1.785 Thread 0x0000000016c9c000 DEOPT UNPACKING pc=0x0000000002b1582a sp=0x000000001721ea60 mode 2
Event: 1.785 Thread 0x0000000016c9c000 Uncommon trap: trap_request=0xffffffde fr.pc=0x0000000002d22d30
Event: 1.785 Thread 0x0000000016c9c000 DEOPT PACKING pc=0x0000000002d22d30 sp=0x000000001721e830
Event: 1.785 Thread 0x0000000016c9c000 DEOPT UNPACKING pc=0x0000000002b1582a sp=0x000000001721e770 mode 2
Event: 1.786 Thread 0x0000000016c9c000 Uncommon trap: trap_request=0xffffffde fr.pc=0x0000000002ceb230
Event: 1.786 Thread 0x0000000016c9c000 DEOPT PACKING pc=0x0000000002ceb230 sp=0x000000001721e720
Event: 1.786 Thread 0x0000000016c9c000 DEOPT UNPACKING pc=0x0000000002b1582a sp=0x000000001721e6c0 mode 2


Dynamic libraries:
0x00007ff6606e0000 - 0x00007ff660717000 	C:\Program Files\Java\jdk1.8.0_65\bin\java.exe
0x00007ffedc450000 - 0x00007ffedc611000 	C:\WINDOWS\SYSTEM32\ntdll.dll
0x00007ffedbc20000 - 0x00007ffedbccd000 	C:\WINDOWS\system32\KERNEL32.DLL
0x00007ffed8cb0000 - 0x00007ffed8e98000 	C:\WINDOWS\system32\KERNELBASE.dll
0x00007ffedb190000 - 0x00007ffedb237000 	C:\WINDOWS\system32\ADVAPI32.dll
0x00007ffedb750000 - 0x00007ffedb7ed000 	C:\WINDOWS\system32\msvcrt.dll
0x00007ffedb3a0000 - 0x00007ffedb3fb000 	C:\WINDOWS\system32\sechost.dll
0x00007ffed9a10000 - 0x00007ffed9b2c000 	C:\WINDOWS\system32\RPCRT4.dll
0x00007ffed9850000 - 0x00007ffed99a6000 	C:\WINDOWS\system32\USER32.dll
0x00007ffedb5c0000 - 0x00007ffedb746000 	C:\WINDOWS\system32\GDI32.dll
0x00007ffec72b0000 - 0x00007ffec7524000 	C:\WINDOWS\WinSxS\amd64_microsoft.windows.common-controls_6595b64144ccf1df_6.0.10586.0_none_8c15ae12515e1c22\COMCTL32.dll
0x00007ffedbcd0000 - 0x00007ffedbf4d000 	C:\WINDOWS\system32\combase.dll
0x00007ffed8c40000 - 0x00007ffed8caa000 	C:\WINDOWS\system32\bcryptPrimitives.dll
0x00007ffedb140000 - 0x00007ffedb17b000 	C:\WINDOWS\system32\IMM32.DLL
0x00000000546d0000 - 0x00000000547a2000 	C:\Program Files\Java\jdk1.8.0_65\jre\bin\msvcr100.dll
0x0000000054ae0000 - 0x0000000055369000 	C:\Program Files\Java\jdk1.8.0_65\jre\bin\server\jvm.dll
0x00007ffedb8e0000 - 0x00007ffedb8e8000 	C:\WINDOWS\system32\PSAPI.DLL
0x00007ffec8690000 - 0x00007ffec8699000 	C:\WINDOWS\SYSTEM32\WSOCK32.dll
0x00007ffedbbb0000 - 0x00007ffedbc1b000 	C:\WINDOWS\system32\WS2_32.dll
0x00007ffed6be0000 - 0x00007ffed6c03000 	C:\WINDOWS\SYSTEM32\WINMM.dll
0x00007ffec9b30000 - 0x00007ffec9b3a000 	C:\WINDOWS\SYSTEM32\VERSION.dll
0x00007ffed6bb0000 - 0x00007ffed6bdc000 	C:\WINDOWS\SYSTEM32\WINMMBASE.dll
0x00007ffed9800000 - 0x00007ffed9843000 	C:\WINDOWS\system32\cfgmgr32.dll
0x0000000056c20000 - 0x0000000056c2f000 	C:\Program Files\Java\jdk1.8.0_65\jre\bin\verify.dll
0x0000000055570000 - 0x0000000055599000 	C:\Program Files\Java\jdk1.8.0_65\jre\bin\java.dll
0x0000000055550000 - 0x0000000055566000 	C:\Program Files\Java\jdk1.8.0_65\jre\bin\zip.dll
0x00007ffed9b30000 - 0x00007ffedb08c000 	C:\WINDOWS\system32\SHELL32.dll
0x00007ffed8ea0000 - 0x00007ffed94e4000 	C:\WINDOWS\system32\windows.storage.dll
0x00007ffedbb50000 - 0x00007ffedbba2000 	C:\WINDOWS\system32\shlwapi.dll
0x00007ffed8a70000 - 0x00007ffed8a7f000 	C:\WINDOWS\system32\kernel.appcore.dll
0x00007ffed9570000 - 0x00007ffed9625000 	C:\WINDOWS\system32\shcore.dll
0x00007ffed8aa0000 - 0x00007ffed8aeb000 	C:\WINDOWS\system32\powrprof.dll
0x00007ffed8a80000 - 0x00007ffed8a94000 	C:\WINDOWS\system32\profapi.dll

VM Arguments:
jvm_args: -Djava.awt.headless=true -Xmx1024M -Dfile.encoding=windows-1252 -Duser.country=AT -Duser.language=de -Duser.variant 
java_command: com.android.dx.command.Main --dex --force-jumbo --num-threads=4 --multi-dex --output C:\Users\domsi\Desktop\TestApp\SSPClient\app\build\intermediates\transforms\dex\debug\folders\1000\10\instant-run_7775355636dda330a4dfb32a40ef5afbe80b7711 C:\Users\domsi\Desktop\TestApp\SSPClient\app\build\intermediates\incremental-runtime-classes\debug\instant-run.jar
java_class_path (initial): C:\Users\domsi\AppData\Local\Android\sdk\build-tools\23.0.3\lib\dx.jar
Launcher Type: SUN_STANDARD

Environment Variables:
JAVA_HOME=C:\Program Files\Java\jdk1.8.0_65
PATH=C:\ProgramData\Oracle\Java\javapath;C:\WINDOWS\system32;C:\WINDOWS;C:\WINDOWS\System32\Wbem;C:\WINDOWS\System32\WindowsPowerShell\v1.0\;C:\Program Files (x86)\AMD\ATI.ACE\Core-Static;C:\Program Files\Intel\WiFi\bin\;C:\Program Files\Common Files\Intel\WirelessCommon\;C:\Program Files\Git\cmd
USERNAME=domsi
OS=Windows_NT
PROCESSOR_IDENTIFIER=Intel64 Family 6 Model 61 Stepping 4, GenuineIntel



---------------  S Y S T E M  ---------------

OS: Windows 10.0 , 64 bit Build 10586 (10.0.10586.0)

CPU:total 4 (2 cores per cpu, 2 threads per core) family 6 model 61 stepping 4, cmov, cx8, fxsr, mmx, sse, sse2, sse3, ssse3, sse4.1, sse4.2, popcnt, avx, avx2, aes, clmul, erms, 3dnowpref, lzcnt, ht, tsc, tscinvbit, bmi1, bmi2, adx

Memory: 4k page, physical 8310476k(914168k free), swap 16174792k(7116k free)

vm_info: Java HotSpot(TM) 64-Bit Server VM (25.65-b01) for windows-amd64 JRE (1.8.0_65-b17), built on Oct  6 2015 16:39:20 by "java_re" with MS VC++ 10.0 (VS2010)

time: Wed Aug 17 21:46:44 2016
elapsed time: 2 seconds (0d 0h 0m 2s)

