#
# There is insufficient memory for the Java Runtime Environment to continue.
# Native memory allocation (malloc) failed to allocate 707136 bytes for Chunk::new
# Possible reasons:
#   The system is out of physical RAM or swap space
#   In 32 bit mode, the process size limit was hit
# Possible solutions:
#   Reduce memory load on the system
#   Increase physical memory or swap space
#   Check if swap backing store is full
#   Use 64 bit Java on a 64 bit OS
#   Decrease Java heap size (-Xmx/-Xms)
#   Decrease number of Java threads
#   Decrease Java thread stack sizes (-Xss)
#   Set larger code cache with -XX:ReservedCodeCacheSize=
# This output file may be truncated or incomplete.
#
#  Out of Memory Error (allocation.cpp:390), pid=11716, tid=3240
#
# JRE version: Java(TM) SE Runtime Environment (8.0_65-b17) (build 1.8.0_65-b17)
# Java VM: Java HotSpot(TM) 64-Bit Server VM (25.65-b01 mixed mode windows-amd64 compressed oops)
# Failed to write core dump. Minidumps are not enabled by default on client versions of Windows
#

---------------  T H R E A D  ---------------

Current thread (0x00000000151b9000):  JavaThread "C2 CompilerThread0" daemon [_thread_in_native, id=3240, stack(0x0000000016830000,0x0000000016930000)]

Stack: [0x0000000016830000,0x0000000016930000]
[error occurred during error reporting (printing stack bounds), id 0xc0000005]

Native frames: (J=compiled Java code, j=interpreted, Vv=VM code, C=native code)


Current CompileTask:
C2:   2126 1410       4       com.android.dx.ssa.LocalVariableExtractor::processBlock (383 bytes)


---------------  P R O C E S S  ---------------

Java Threads: ( => current thread )
  0x0000000016db3000 JavaThread "pool-2-thread-4" [_thread_in_vm, id=5288, stack(0x0000000017530000,0x0000000017630000)]
  0x0000000016db2800 JavaThread "pool-2-thread-3" [_thread_in_Java, id=10772, stack(0x0000000017430000,0x0000000017530000)]
  0x0000000016db1800 JavaThread "pool-2-thread-2" [_thread_in_vm, id=8044, stack(0x0000000017330000,0x0000000017430000)]
  0x0000000016db1000 JavaThread "pool-3-thread-1" [_thread_blocked, id=11984, stack(0x0000000017230000,0x0000000017330000)]
  0x0000000016dae000 JavaThread "pool-2-thread-1" [_thread_in_Java, id=8420, stack(0x0000000017130000,0x0000000017230000)]
  0x000000001521e800 JavaThread "Service Thread" daemon [_thread_blocked, id=11228, stack(0x0000000016f30000,0x0000000017030000)]
  0x0000000015218000 JavaThread "C1 CompilerThread2" daemon [_thread_in_native, id=9312, stack(0x0000000016a30000,0x0000000016b30000)]
  0x00000000151bf800 JavaThread "C2 CompilerThread1" daemon [_thread_in_native, id=1628, stack(0x0000000016930000,0x0000000016a30000)]
=>0x00000000151b9000 JavaThread "C2 CompilerThread0" daemon [_thread_in_native, id=3240, stack(0x0000000016830000,0x0000000016930000)]
  0x00000000151b7800 JavaThread "Attach Listener" daemon [_thread_blocked, id=10108, stack(0x0000000016730000,0x0000000016830000)]
  0x00000000151b6000 JavaThread "Signal Dispatcher" daemon [_thread_blocked, id=6648, stack(0x0000000016630000,0x0000000016730000)]
  0x0000000002ae0000 JavaThread "Finalizer" daemon [_thread_blocked, id=12252, stack(0x0000000016410000,0x0000000016510000)]
  0x0000000002add000 JavaThread "Reference Handler" daemon [_thread_blocked, id=6912, stack(0x0000000016310000,0x0000000016410000)]
  0x00000000029f0800 JavaThread "main" [_thread_in_Java, id=1368, stack(0x00000000028a0000,0x00000000029a0000)]

Other Threads:
  0x0000000015188000 VMThread [stack: 0x0000000016210000,0x0000000016310000] [id=9812]
  0x0000000016b39800 WatcherThread [stack: 0x0000000017030000,0x0000000017130000] [id=11308]

VM state:not at safepoint (normal execution)

VM Mutex/Monitor currently owned by a thread: None

Heap:
 PSYoungGen      total 38400K, used 27823K [0x00000000eab00000, 0x00000000ef600000, 0x0000000100000000)
  eden space 33280K, 68% used [0x00000000eab00000,0x00000000ec12cd78,0x00000000ecb80000)
  from space 5120K, 99% used [0x00000000ecb80000,0x00000000ed07f118,0x00000000ed080000)
  to   space 5120K, 0% used [0x00000000ef100000,0x00000000ef100000,0x00000000ef600000)
 ParOldGen       total 87552K, used 1096K [0x00000000c0000000, 0x00000000c5580000, 0x00000000eab00000)
  object space 87552K, 1% used [0x00000000c0000000,0x00000000c01121e0,0x00000000c5580000)
 Metaspace       used 6123K, capacity 7024K, committed 7296K, reserved 1056768K
  class space    used 602K, capacity 616K, committed 640K, reserved 1048576K

Card table byte_map: [0x0000000011eb0000,0x00000000120c0000] byte_map_base: 0x00000000118b0000

Marking Bits: (ParMarkBitMap*) 0x00000000552ea5b0
 Begin Bits: [0x0000000012620000, 0x0000000013620000)
 End Bits:   [0x0000000013620000, 0x0000000014620000)

Polling page: 0x00000000011d0000

CodeCache: size=245760Kb used=5781Kb max_used=5781Kb free=239978Kb
 bounds [0x0000000002af0000, 0x00000000030a0000, 0x0000000011af0000]
 total_blobs=1702 nmethods=1433 adapters=182
 compilation: enabled

Compilation events (10 events):
Event: 2.119 Thread 0x0000000015218000 nmethod 1438 0x0000000003094010 code [0x0000000003094340, 0x0000000003095868]
Event: 2.119 Thread 0x0000000015218000 1439       3       com.android.dx.ssa.Dominators::<init> (55 bytes)
Event: 2.119 Thread 0x0000000015218000 nmethod 1439 0x0000000003096310 code [0x00000000030964a0, 0x00000000030969f0]
Event: 2.119 Thread 0x0000000015218000 1440       3       java.util.HashMap$EntryIterator::next (5 bytes)
Event: 2.119 Thread 0x0000000015218000 nmethod 1440 0x0000000003096c50 code [0x0000000003096dc0, 0x00000000030970a8]
Event: 2.120 Thread 0x0000000015218000 1442       3       com.android.dx.cf.code.Frame::mergeSubroutineLists (90 bytes)
Event: 2.120 Thread 0x0000000015218000 nmethod 1442 0x0000000003097150 code [0x0000000003097320, 0x0000000003097c08]
Event: 2.120 Thread 0x0000000015218000 1441       3       java.util.HashMap$EntryIterator::next (5 bytes)
Event: 2.120 Thread 0x0000000015218000 nmethod 1441 0x0000000003097f10 code [0x0000000003098080, 0x0000000003098288]
Event: 2.121 Thread 0x0000000015218000 1443       3       com.android.dx.ssa.SsaMethod::onSourceChanged (65 bytes)

GC Heap History (2 events):
Event: 1.520 GC heap before
{Heap before GC invocations=1 (full 0):
 PSYoungGen      total 38400K, used 33280K [0x00000000eab00000, 0x00000000ed580000, 0x0000000100000000)
  eden space 33280K, 100% used [0x00000000eab00000,0x00000000ecb80000,0x00000000ecb80000)
  from space 5120K, 0% used [0x00000000ed080000,0x00000000ed080000,0x00000000ed580000)
  to   space 5120K, 0% used [0x00000000ecb80000,0x00000000ecb80000,0x00000000ed080000)
 ParOldGen       total 87552K, used 0K [0x00000000c0000000, 0x00000000c5580000, 0x00000000eab00000)
  object space 87552K, 0% used [0x00000000c0000000,0x00000000c0000000,0x00000000c5580000)
 Metaspace       used 5989K, capacity 6896K, committed 7040K, reserved 1056768K
  class space    used 602K, capacity 616K, committed 640K, reserved 1048576K
Event: 1.658 GC heap after
Heap after GC invocations=1 (full 0):
 PSYoungGen      total 38400K, used 5116K [0x00000000eab00000, 0x00000000ef600000, 0x0000000100000000)
  eden space 33280K, 0% used [0x00000000eab00000,0x00000000eab00000,0x00000000ecb80000)
  from space 5120K, 99% used [0x00000000ecb80000,0x00000000ed07f118,0x00000000ed080000)
  to   space 5120K, 0% used [0x00000000ef100000,0x00000000ef100000,0x00000000ef600000)
 ParOldGen       total 87552K, used 1096K [0x00000000c0000000, 0x00000000c5580000, 0x00000000eab00000)
  object space 87552K, 1% used [0x00000000c0000000,0x00000000c01121e0,0x00000000c5580000)
 Metaspace       used 5989K, capacity 6896K, committed 7040K, reserved 1056768K
  class space    used 602K, capacity 616K, committed 640K, reserved 1048576K
}

Deoptimization events (7 events):
Event: 0.428 Thread 0x00000000029f0800 Uncommon trap: reason=unstable_if action=reinterpret pc=0x0000000002c49a54 method=java.lang.String.compareTo(Ljava/lang/String;)I @ 38
Event: 0.877 Thread 0x0000000016db2800 Uncommon trap: reason=unstable_if action=reinterpret pc=0x0000000002d08a00 method=java.util.HashMap.getNode(ILjava/lang/Object;)Ljava/util/HashMap$Node; @ 62
Event: 1.135 Thread 0x0000000016db2800 Uncommon trap: reason=null_check action=make_not_entrant pc=0x0000000002df3fa0 method=com.android.dx.ssa.SsaRenamer.getLocalForNewReg(I)Lcom/android/dx/rop/code/LocalItem; @ 19
Event: 1.158 Thread 0x0000000016dae000 Uncommon trap: reason=unstable_if action=reinterpret pc=0x0000000002e2a3ac method=com.android.dx.rop.code.RegisterSpecSet.put(Lcom/android/dx/rop/code/RegisterSpec;)V @ 77
Event: 1.158 Thread 0x0000000016dae000 Uncommon trap: reason=unstable_if action=reinterpret pc=0x0000000002e0b9ec method=com.android.dx.rop.code.RegisterSpecSet.put(Lcom/android/dx/rop/code/RegisterSpec;)V @ 77
Event: 1.342 Thread 0x0000000016db1800 Uncommon trap: reason=unstable_if action=reinterpret pc=0x0000000002e07384 method=com.android.dx.rop.code.RegisterSpec.equals(ILcom/android/dx/rop/type/TypeBearer;Lcom/android/dx/rop/code/LocalItem;)Z @ 42
Event: 2.108 Thread 0x0000000016dae000 Uncommon trap: reason=unstable_if action=reinterpret pc=0x0000000002e6a55c method=com.android.dx.rop.cst.Constant.compareTo(Lcom/android/dx/rop/cst/Constant;)I @ 12

Internal exceptions (3 events):
Event: 0.098 Thread 0x00000000029f0800 Exception <a 'java/lang/NoSuchMethodError': Method sun.misc.Unsafe.defineClass(Ljava/lang/String;[BII)Ljava/lang/Class; name or signature does not match> (0x00000000eab0d3a0) thrown at [C:\workspace\8-2-build-windows-amd64-cygwin\jdk8u65\4987\hotspot\src\sß9^®c¹?
Event: 0.098 Thread 0x00000000029f0800 Exception <a 'java/lang/NoSuchMethodError': Method sun.misc.Unsafe.prefetchRead(Ljava/lang/Object;J)V name or signature does not match> (0x00000000eab0d688) thrown at [C:\workspace\8-2-build-windows-amd64-cygwin\jdk8u65\4987\hotspot\src\share\vm\prims\jni.Ž˜÷dU'ò?
Event: 1.135 Thread 0x0000000016db2800 Implicit null exception at 0x0000000002df1dbe to 0x0000000002df3f5d

Events (10 events):
Event: 1.342 Thread 0x0000000016db1800 Uncommon trap: trap_request=0xffffff65 fr.pc=0x0000000002e07384
Event: 1.342 Thread 0x0000000016db1800 DEOPT PACKING pc=0x0000000002e07384 sp=0x000000001742e810
Event: 1.342 Thread 0x0000000016db1800 DEOPT UNPACKING pc=0x0000000002b3582a sp=0x000000001742e798 mode 2
Event: 1.477 Executing VM operation: ParallelGCFailedAllocation
Event: 1.658 Executing VM operation: ParallelGCFailedAllocation done
Event: 1.812 loading class com/android/dx/cf/attrib/AttExceptions
Event: 1.812 loading class com/android/dx/cf/attrib/AttExceptions done
Event: 2.108 Thread 0x0000000016dae000 Uncommon trap: trap_request=0xffffff65 fr.pc=0x0000000002e6a55c
Event: 2.108 Thread 0x0000000016dae000 DEOPT PACKING pc=0x0000000002e6a55c sp=0x000000001722e800
Event: 2.108 Thread 0x0000000016dae000 DEOPT UNPACKING pc=0x0000000002b3582a sp=0x000000001722e7a0 mode 2


Dynamic libraries:
0x00007ff6606e0000 - 0x00007ff660717000 	C:\Program Files\Java\jdk1.8.0_65\bin\java.exe
0x00007ffedc450000 - 0x00007ffedc611000 	C:\WINDOWS\SYSTEM32\ntdll.dll
0x00007ffedbc20000 - 0x00007ffedbccd000 	C:\WINDOWS\system32\KERNEL32.DLL
0x00007ffed8cb0000 - 0x00007ffed8e98000 	C:\WINDOWS\system32\KERNELBASE.dll
0x00007ffedb190000 - 0x00007ffedb237000 	C:\WINDOWS\system32\ADVAPI32.dll
0x00007ffedb750000 - 0x00007ffedb7ed000 	C:\WINDOWS\system32\msvcrt.dll
0x00007ffedb3a0000 - 0x00007ffedb3fb000 	C:\WINDOWS\system32\sechost.dll
0x00007ffed9a10000 - 0x00007ffed9b2c000 	C:\WINDOWS\system32\RPCRT4.dll
0x00007ffed9850000 - 0x00007ffed99a6000 	C:\WINDOWS\system32\USER32.dll
0x00007ffedb5c0000 - 0x00007ffedb746000 	C:\WINDOWS\system32\GDI32.dll
0x00007ffec72b0000 - 0x00007ffec7524000 	C:\WINDOWS\WinSxS\amd64_microsoft.windows.common-controls_6595b64144ccf1df_6.0.10586.0_none_8c15ae12515e1c22\COMCTL32.dll
0x00007ffedbcd0000 - 0x00007ffedbf4d000 	C:\WINDOWS\system32\combase.dll
0x00007ffed8c40000 - 0x00007ffed8caa000 	C:\WINDOWS\system32\bcryptPrimitives.dll
0x00007ffedb140000 - 0x00007ffedb17b000 	C:\WINDOWS\system32\IMM32.DLL
0x00000000546d0000 - 0x00000000547a2000 	C:\Program Files\Java\jdk1.8.0_65\jre\bin\msvcr100.dll
0x0000000054ae0000 - 0x0000000055369000 	C:\Program Files\Java\jdk1.8.0_65\jre\bin\server\jvm.dll
0x00007ffedb8e0000 - 0x00007ffedb8e8000 	C:\WINDOWS\system32\PSAPI.DLL
0x00007ffec8690000 - 0x00007ffec8699000 	C:\WINDOWS\SYSTEM32\WSOCK32.dll
0x00007ffedbbb0000 - 0x00007ffedbc1b000 	C:\WINDOWS\system32\WS2_32.dll
0x00007ffed6be0000 - 0x00007ffed6c03000 	C:\WINDOWS\SYSTEM32\WINMM.dll
0x00007ffec9b30000 - 0x00007ffec9b3a000 	C:\WINDOWS\SYSTEM32\VERSION.dll
0x00007ffed6bb0000 - 0x00007ffed6bdc000 	C:\WINDOWS\SYSTEM32\WINMMBASE.dll
0x00007ffed9800000 - 0x00007ffed9843000 	C:\WINDOWS\system32\cfgmgr32.dll
0x0000000056c20000 - 0x0000000056c2f000 	C:\Program Files\Java\jdk1.8.0_65\jre\bin\verify.dll
0x0000000055570000 - 0x0000000055599000 	C:\Program Files\Java\jdk1.8.0_65\jre\bin\java.dll
0x0000000055550000 - 0x0000000055566000 	C:\Program Files\Java\jdk1.8.0_65\jre\bin\zip.dll
0x00007ffed9b30000 - 0x00007ffedb08c000 	C:\WINDOWS\system32\SHELL32.dll
0x00007ffed8ea0000 - 0x00007ffed94e4000 	C:\WINDOWS\system32\windows.storage.dll
0x00007ffedbb50000 - 0x00007ffedbba2000 	C:\WINDOWS\system32\shlwapi.dll
0x00007ffed8a70000 - 0x00007ffed8a7f000 	C:\WINDOWS\system32\kernel.appcore.dll
0x00007ffed9570000 - 0x00007ffed9625000 	C:\WINDOWS\system32\shcore.dll
0x00007ffed8aa0000 - 0x00007ffed8aeb000 	C:\WINDOWS\system32\powrprof.dll
0x00007ffed8a80000 - 0x00007ffed8a94000 	C:\WINDOWS\system32\profapi.dll

VM Arguments:
jvm_args: -Djava.awt.headless=true -Xmx1024M -Dfile.encoding=windows-1252 -Duser.country=AT -Duser.language=de -Duser.variant 
java_command: com.android.dx.command.Main --dex --force-jumbo --num-threads=4 --multi-dex --output C:\Users\domsi\Desktop\TestApp\SSPClient\app\build\intermediates\transforms\dex\debug\folders\1000\10\com.android.support-appcompat-v7-23.3.0_f32a95485aac5e2caad94ab28371e67b54e7759e C:\Users\domsi\Desktop\TestApp\SSPClient\app\build\intermediates\exploded-aar\com.android.support\appcompat-v7\23.3.0\jars\classes.jar
java_class_path (initial): C:\Users\domsi\AppData\Local\Android\sdk\build-tools\23.0.3\lib\dx.jar
Launcher Type: SUN_STANDARD

Environment Variables:
JAVA_HOME=C:\Program Files\Java\jdk1.8.0_65
PATH=C:\ProgramData\Oracle\Java\javapath;C:\WINDOWS\system32;C:\WINDOWS;C:\WINDOWS\System32\Wbem;C:\WINDOWS\System32\WindowsPowerShell\v1.0\;C:\Program Files (x86)\AMD\ATI.ACE\Core-Static;C:\Program Files\Intel\WiFi\bin\;C:\Program Files\Common Files\Intel\WirelessCommon\;C:\Program Files\Git\cmd
USERNAME=domsi
OS=Windows_NT
PROCESSOR_IDENTIFIER=Intel64 Family 6 Model 61 Stepping 4, GenuineIntel



---------------  S Y S T E M  ---------------

OS: Windows 10.0 , 64 bit Build 10586 (10.0.10586.0)

CPU:total 4 (2 cores per cpu, 2 threads per core) family 6 model 61 stepping 4, cmov, cx8, fxsr, mmx, sse, sse2, sse3, ssse3, sse4.1, sse4.2, popcnt, avx, avx2, aes, clmul, erms, 3dnowpref, lzcnt, ht, tsc, tscinvbit, bmi1, bmi2, adx

Memory: 4k page, physical 8310476k(913428k free), swap 16174792k(5668k free)

vm_info: Java HotSpot(TM) 64-Bit Server VM (25.65-b01) for windows-amd64 JRE (1.8.0_65-b17), built on Oct  6 2015 16:39:20 by "java_re" with MS VC++ 10.0 (VS2010)

time: Wed Aug 17 21:46:44 2016
elapsed time: 2 seconds (0d 0h 0m 2s)

